2018-05-22 14:27:55,884 INFO  [org.jboss.modules] (main) JBoss Modules version 1.3.3.Final
2018-05-22 14:27:56,677 INFO  [org.jboss.msc] (main) JBoss MSC version 1.2.2.Final
2018-05-22 14:27:56,890 INFO  [org.jboss.as] (MSC service thread 1-6) JBAS015899: WildFly 8.2.0.Final "Tweek" starting
2018-05-22 14:27:56,898 DEBUG [org.jboss.as.config] (MSC service thread 1-6) Configured system properties:
	awt.toolkit = sun.lwawt.macosx.LWCToolkit
	file.encoding = UTF-8
	file.encoding.pkg = sun.io
	file.separator = /
	ftp.nonProxyHosts = local|*.local|169.254/16|*.169.254/16
	gopherProxySet = false
	http.nonProxyHosts = local|*.local|169.254/16|*.169.254/16
	java.awt.graphicsenv = sun.awt.CGraphicsEnvironment
	java.awt.headless = true
	java.awt.printerjob = sun.lwawt.macosx.CPrinterJob
	java.class.path = /Users/gordo/Desktop/StepsAlura/jax-ws/wildfly-8.2.0.Final/jboss-modules.jar:/Library/Java/JavaVirtualMachines/jdk-9.jdk/Contents/Home/lib/jrt-fs.jar
	java.class.version = 53.0
	java.home = /Library/Java/JavaVirtualMachines/jdk-9.jdk/Contents/Home
	java.io.tmpdir = /var/folders/zf/lp_gc04x5cq71vztvmz86jph0000gr/T/
	java.library.path = /Users/gordo/Library/Java/Extensions:/Library/Java/Extensions:/Network/Library/Java/Extensions:/System/Library/Java/Extensions:/usr/lib/java:.
	java.net.preferIPv4Stack = true
	java.runtime.name = Java(TM) SE Runtime Environment
	java.runtime.version = 9+181
	java.specification.name = Java Platform API Specification
	java.specification.vendor = Oracle Corporation
	java.specification.version = 9
	java.util.logging.manager = org.jboss.logmanager.LogManager
	java.vendor = Oracle Corporation
	java.vendor.url = http://java.oracle.com/
	java.vendor.url.bug = http://bugreport.java.com/bugreport/
	java.version = 9
	java.vm.compressedOopsMode = Zero based
	java.vm.info = mixed mode
	java.vm.name = Java HotSpot(TM) 64-Bit Server VM
	java.vm.specification.name = Java Virtual Machine Specification
	java.vm.specification.vendor = Oracle Corporation
	java.vm.specification.version = 9
	java.vm.vendor = Oracle Corporation
	java.vm.version = 9+181
	javax.management.builder.initial = org.jboss.as.jmx.PluggableMBeanServerBuilder
	javax.xml.datatype.DatatypeFactory = __redirected.__DatatypeFactory
	javax.xml.parsers.DocumentBuilderFactory = __redirected.__DocumentBuilderFactory
	javax.xml.parsers.SAXParserFactory = __redirected.__SAXParserFactory
	javax.xml.stream.XMLEventFactory = __redirected.__XMLEventFactory
	javax.xml.stream.XMLInputFactory = __redirected.__XMLInputFactory
	javax.xml.stream.XMLOutputFactory = __redirected.__XMLOutputFactory
	javax.xml.transform.TransformerFactory = __redirected.__TransformerFactory
	javax.xml.validation.SchemaFactory:http://www.w3.org/2001/XMLSchema = __redirected.__SchemaFactory
	javax.xml.xpath.XPathFactory:http://java.sun.com/jaxp/xpath/dom = __redirected.__XPathFactory
	jboss.bind.address = localhost
	jboss.bind.address.management = localhost
	jboss.home.dir = /Users/gordo/Desktop/StepsAlura/jax-ws/wildfly-8.2.0.Final
	jboss.host.name = air-de-renan
	jboss.modules.dir = /Users/gordo/Desktop/StepsAlura/jax-ws/wildfly-8.2.0.Final/modules
	jboss.modules.system.pkgs = org.jboss.byteman
	jboss.node.name = air-de-renan
	jboss.qualified.host.name = air-de-renan
	jboss.server.base.dir = /Users/gordo/Desktop/StepsAlura/jax-ws/wildfly-8.2.0.Final/standalone
	jboss.server.config.dir = /Users/gordo/Desktop/StepsAlura/jax-ws/wildfly-8.2.0.Final/standalone/configuration
	jboss.server.data.dir = /Users/gordo/Desktop/StepsAlura/jax-ws/wildfly-8.2.0.Final/standalone/data
	jboss.server.deploy.dir = /Users/gordo/Desktop/StepsAlura/jax-ws/wildfly-8.2.0.Final/standalone/data/content
	jboss.server.log.dir = /Users/gordo/Desktop/StepsAlura/jax-ws/wildfly-8.2.0.Final/standalone/log
	jboss.server.name = air-de-renan
	jboss.server.persist.config = true
	jboss.server.temp.dir = /Users/gordo/Desktop/StepsAlura/jax-ws/wildfly-8.2.0.Final/standalone/tmp
	jdk.debug = release
	line.separator = 

	logging.configuration = file:/Users/gordo/Desktop/StepsAlura/jax-ws/wildfly-8.2.0.Final/standalone/configuration/logging.properties
	module.path = /Users/gordo/Desktop/StepsAlura/jax-ws/wildfly-8.2.0.Final/modules
	org.jboss.boot.log.file = /Users/gordo/Desktop/StepsAlura/jax-ws/wildfly-8.2.0.Final/standalone/log/boot.log
	org.jboss.logmanager.nocolor = true
	org.jboss.resolver.warning = true
	org.xml.sax.driver = __redirected.__XMLReaderFactory
	os.arch = x86_64
	os.name = Mac OS X
	os.version = 10.13.5
	path.separator = :
	program.name = JBossTools: WildFly  8.x
	socksNonProxyHosts = local|*.local|169.254/16|*.169.254/16
	sun.arch.data.model = 64
	sun.boot.library.path = /Library/Java/JavaVirtualMachines/jdk-9.jdk/Contents/Home/lib
	sun.cpu.endian = little
	sun.cpu.isalist = 
	sun.io.unicode.encoding = UnicodeBig
	sun.java.command = org.jboss.modules.Main -mp /Users/gordo/Desktop/StepsAlura/jax-ws/wildfly-8.2.0.Final/modules -jaxpmodule javax.xml.jaxp-provider -jaxpmodule javax.xml.jaxp-provider org.jboss.as.standalone -b localhost --server-config=standalone.xml -Djboss.server.base.dir=/Users/gordo/Desktop/StepsAlura/jax-ws/wildfly-8.2.0.Final/standalone
	sun.java.launcher = SUN_STANDARD
	sun.jnu.encoding = UTF-8
	sun.management.compiler = HotSpot 64-Bit Tiered Compilers
	sun.os.patch.level = unknown
	sun.rmi.dgc.client.gcInterval = 3600000
	sun.rmi.dgc.server.gcInterval = 3600000
	user.country = US
	user.dir = /Users/gordo/Desktop/StepsAlura/jax-ws/wildfly-8.2.0.Final/bin
	user.home = /Users/gordo
	user.language = en
	user.name = gordo
	user.timezone = America/Sao_Paulo
2018-05-22 14:27:56,900 DEBUG [org.jboss.as.config] (MSC service thread 1-6) VM Arguments: -Dprogram.name=JBossTools: WildFly  8.x -Xms64m -Xmx512m -XX:MaxPermSize=256m -Dorg.jboss.resolver.warning=true -Djava.net.preferIPv4Stack=true -Dsun.rmi.dgc.client.gcInterval=3600000 -Dsun.rmi.dgc.server.gcInterval=3600000 -Djboss.modules.system.pkgs=org.jboss.byteman -Djava.awt.headless=true -Dorg.jboss.boot.log.file=/Users/gordo/Desktop/StepsAlura/jax-ws/wildfly-8.2.0.Final/standalone/log/boot.log -Dlogging.configuration=file:/Users/gordo/Desktop/StepsAlura/jax-ws/wildfly-8.2.0.Final/standalone/configuration/logging.properties -Djboss.home.dir=/Users/gordo/Desktop/StepsAlura/jax-ws/wildfly-8.2.0.Final -Dorg.jboss.logmanager.nocolor=true -Djboss.bind.address.management=localhost -Dfile.encoding=UTF-8 
2018-05-22 14:27:58,809 INFO  [org.jboss.as.server.deployment.scanner] (DeploymentScanner-threads - 1) JBAS015003: Found estoquews-web.war in deployment directory. To trigger deployment create a file called estoquews-web.war.dodeploy
2018-05-22 14:27:58,833 INFO  [org.jboss.as.server] (Controller Boot Thread) JBAS015888: Creating http management service using socket-binding (management-http)
2018-05-22 14:27:58,868 INFO  [org.xnio] (MSC service thread 1-1) XNIO version 3.3.0.Final
2018-05-22 14:27:58,890 INFO  [org.xnio.nio] (MSC service thread 1-1) XNIO NIO Implementation Version 3.3.0.Final
